#
# There is insufficient memory for the Java Runtime Environment to continue.
# Native memory allocation (malloc) failed to allocate 261776 bytes for Chunk::new
# Possible reasons:
#   The system is out of physical RAM or swap space
#   The process is running with CompressedOops enabled, and the Java Heap may be blocking the growth of the native heap
# Possible solutions:
#   Reduce memory load on the system
#   Increase physical memory or swap space
#   Check if swap backing store is full
#   Decrease Java heap size (-Xmx/-Xms)
#   Decrease number of Java threads
#   Decrease Java thread stack sizes (-Xss)
#   Set larger code cache with -XX:ReservedCodeCacheSize=
#   JVM is running with Unscaled Compressed Oops mode in which the Java heap is
#     placed in the first 4GB address space. The Java Heap base address is the
#     maximum limit for the native heap growth. Please use -XX:HeapBaseMinAddress
#     to set the Java Heap base and to place the Java Heap above 4GB virtual address.
# This output file may be truncated or incomplete.
#
#  Out of Memory Error (./open/src/hotspot/share/memory/arena.cpp:195), pid=8188, tid=5584
#
# JRE version: Java(TM) SE Runtime Environment (15.0.2+7) (build 15.0.2+7-27)
# Java VM: Java HotSpot(TM) 64-Bit Server VM (15.0.2+7-27, mixed mode, sharing, tiered, compressed oops, g1 gc, windows-amd64)
# No core dump will be written. Minidumps are not enabled by default on client versions of Windows
#

---------------  S U M M A R Y ------------

Command Line: -ea -Didea.test.cyclic.buffer.size=1048576 -Didea.launcher.port=51238 -Didea.launcher.bin.path=C:\Program Files\JetBrains\IntelliJ IDEA 2018.3.2\bin -Dfile.encoding=UTF-8 com.intellij.rt.execution.application.AppMainV2 com.intellij.rt.execution.junit.JUnitStarter -ideVersion5 -junit4 UserServiceTest

Host: Intel(R) Core(TM) i5 CPU       M 430  @ 2.27GHz, 4 cores, 7G,  Windows 10 , 64 bit Build 18362 (10.0.18362.329)
Time: Wed May 19 17:38:12 2021 RTZ 2 (ceia) elapsed time: 1.595154 seconds (0d 0h 0m 1s)

---------------  T H R E A D  ---------------

Current thread (0x000001b049e2e450):  JavaThread "C2 CompilerThread0" daemon [_thread_in_native, id=5584, stack(0x00000011d6900000,0x00000011d6a00000)]


Current CompileTask:
C2:   1595  694       4       java.util.Properties::loadConvert (544 bytes)

Stack: [0x00000011d6900000,0x00000011d6a00000]
Native frames: (J=compiled Java code, j=interpreted, Vv=VM code, C=native code)
V  [jvm.dll+0x62ae9a]
V  [jvm.dll+0x7817a9]
V  [jvm.dll+0x782f03]
V  [jvm.dll+0x783563]
V  [jvm.dll+0x216325]
V  [jvm.dll+0x97f3a]
V  [jvm.dll+0x9861c]
V  [jvm.dll+0x32e2a8]
V  [jvm.dll+0x2f768a]
V  [jvm.dll+0x2f6a4a]
V  [jvm.dll+0x1ea705]
V  [jvm.dll+0x1e996e]
V  [jvm.dll+0x178567]
V  [jvm.dll+0x1f9225]
V  [jvm.dll+0x1f72cc]
V  [jvm.dll+0x74495d]
V  [jvm.dll+0x73d75a]
V  [jvm.dll+0x629c56]
C  [ucrtbase.dll+0x20e72]
C  [KERNEL32.DLL+0x17bd4]
C  [ntdll.dll+0x6ced1]


---------------  P R O C E S S  ---------------

Threads class SMR info:
_java_thread_list=0x000001b04b129c90, length=14, elements={
0x000001b02bc799a0, 0x000001b049e0fb40, 0x000001b049e18e10, 0x000001b049e1b4c0,
0x000001b049e29e80, 0x000001b049e2a740, 0x000001b049e2e450, 0x000001b049e2ff10,
0x000001b04a7a0040, 0x000001b04a856590, 0x000001b04a85ed60, 0x000001b04a872a40,
0x000001b04b02e020, 0x000001b04b129060
}

Java Threads: ( => current thread )
  0x000001b02bc799a0 JavaThread "main" [_thread_in_Java, id=2032, stack(0x00000011d5d00000,0x00000011d5e00000)]
  0x000001b049e0fb40 JavaThread "Reference Handler" daemon [_thread_blocked, id=8252, stack(0x00000011d6400000,0x00000011d6500000)]
  0x000001b049e18e10 JavaThread "Finalizer" daemon [_thread_blocked, id=3212, stack(0x00000011d6500000,0x00000011d6600000)]
  0x000001b049e1b4c0 JavaThread "Signal Dispatcher" daemon [_thread_blocked, id=2928, stack(0x00000011d6600000,0x00000011d6700000)]
  0x000001b049e29e80 JavaThread "Attach Listener" daemon [_thread_blocked, id=1332, stack(0x00000011d6700000,0x00000011d6800000)]
  0x000001b049e2a740 JavaThread "Service Thread" daemon [_thread_blocked, id=5708, stack(0x00000011d6800000,0x00000011d6900000)]
=>0x000001b049e2e450 JavaThread "C2 CompilerThread0" daemon [_thread_in_native, id=5584, stack(0x00000011d6900000,0x00000011d6a00000)]
  0x000001b049e2ff10 JavaThread "C1 CompilerThread0" daemon [_thread_blocked, id=3272, stack(0x00000011d6a00000,0x00000011d6b00000)]
  0x000001b04a7a0040 JavaThread "Sweeper thread" daemon [_thread_blocked, id=2704, stack(0x00000011d6b00000,0x00000011d6c00000)]
  0x000001b04a856590 JavaThread "Notification Thread" daemon [_thread_blocked, id=1200, stack(0x00000011d6c00000,0x00000011d6d00000)]
  0x000001b04a85ed60 JavaThread "Common-Cleaner" daemon [_thread_blocked, id=2092, stack(0x00000011d6e00000,0x00000011d6f00000)]
  0x000001b04a872a40 JavaThread "Monitor Ctrl-Break" daemon [_thread_in_native, id=240, stack(0x00000011d6f00000,0x00000011d7000000)]
  0x000001b04b02e020 JavaThread "mysql-cj-abandoned-connection-cleanup" daemon [_thread_blocked, id=9064, stack(0x00000011d7100000,0x00000011d7200000)]
  0x000001b04b129060 JavaThread "Abandoned connection cleanup thread" daemon [_thread_blocked, id=7128, stack(0x00000011d7200000,0x00000011d7300000)]

Other Threads:
  0x000001b049e0a7f0 VMThread "VM Thread" [stack: 0x00000011d6300000,0x00000011d6400000] [id=3284]
  0x000001b04a85ea50 WatcherThread [stack: 0x00000011d6d00000,0x00000011d6e00000] [id=3720]
  0x000001b02bcb30e0 GCTaskThread "GC Thread#0" [stack: 0x00000011d5e00000,0x00000011d5f00000] [id=4108]
  0x000001b02bcc5e60 ConcurrentGCThread "G1 Main Marker" [stack: 0x00000011d5f00000,0x00000011d6000000] [id=8944]
  0x000001b02bcc7970 ConcurrentGCThread "G1 Conc#0" [stack: 0x00000011d6000000,0x00000011d6100000] [id=1068]
  0x000001b02bd2f4a0 ConcurrentGCThread "G1 Refine#0" [stack: 0x00000011d6100000,0x00000011d6200000] [id=9068]
  0x000001b049c91840 ConcurrentGCThread "G1 Young RemSet Sampling" [stack: 0x00000011d6200000,0x00000011d6300000] [id=7588]

Threads with active compile tasks:
C2 CompilerThread0     1635  694       4       java.util.Properties::loadConvert (544 bytes)

VM state: not at safepoint (normal execution)

VM Mutex/Monitor currently owned by a thread: None

Heap address: 0x0000000082400000, size: 2012 MB, Compressed Oops mode: 32-bit
CDS archive(s) mapped at: [0x0000000800000000-0x0000000800b50000-0x0000000800b50000), size 11862016, SharedBaseAddress: 0x0000000800000000, ArchiveRelocationMode: 0.
Compressed class space mapped at: 0x0000000800b50000-0x0000000840b50000, size: 1073741824
Narrow klass base: 0x0000000800000000, Narrow klass shift: 3, Narrow klass range: 0x100000000

GC Precious Log:
 CPUs: 4 total, 4 available
 Memory: 8046M
 Large Page Support: Disabled
 NUMA Support: Disabled
 Compressed Oops: Enabled (32-bit)
 Heap Region Size: 1M
 Heap Min Capacity: 8M
 Heap Initial Capacity: 126M
 Heap Max Capacity: 2012M
 Pre-touch: Disabled
 Parallel Workers: 4
 Concurrent Workers: 1
 Concurrent Refinement Workers: 4
 Periodic GC: Disabled

Heap:
 garbage-first heap   total 129024K, used 8192K [0x0000000082400000, 0x0000000100000000)
  region size 1024K, 9 young (9216K), 0 survivors (0K)
 Metaspace       used 3292K, capacity 5410K, committed 5504K, reserved 1056768K
  class space    used 335K, capacity 546K, committed 640K, reserved 1048576K

Heap Regions: E=young(eden), S=young(survivor), O=old, HS=humongous(starts), HC=humongous(continues), CS=collection set, F=free, OA=open archive, CA=closed archive, TAMS=top-at-mark-start (previous, next)
|   0|0x0000000082400000, 0x0000000082400000, 0x0000000082500000|  0%| F|  |TAMS 0x0000000082400000, 0x0000000082400000| Untracked 
|   1|0x0000000082500000, 0x0000000082500000, 0x0000000082600000|  0%| F|  |TAMS 0x0000000082500000, 0x0000000082500000| Untracked 
|   2|0x0000000082600000, 0x0000000082600000, 0x0000000082700000|  0%| F|  |TAMS 0x0000000082600000, 0x0000000082600000| Untracked 
|   3|0x0000000082700000, 0x0000000082700000, 0x0000000082800000|  0%| F|  |TAMS 0x0000000082700000, 0x0000000082700000| Untracked 
|   4|0x0000000082800000, 0x0000000082800000, 0x0000000082900000|  0%| F|  |TAMS 0x0000000082800000, 0x0000000082800000| Untracked 
|   5|0x0000000082900000, 0x0000000082900000, 0x0000000082a00000|  0%| F|  |TAMS 0x0000000082900000, 0x0000000082900000| Untracked 
|   6|0x0000000082a00000, 0x0000000082a00000, 0x0000000082b00000|  0%| F|  |TAMS 0x0000000082a00000, 0x0000000082a00000| Untracked 
|   7|0x0000000082b00000, 0x0000000082b00000, 0x0000000082c00000|  0%| F|  |TAMS 0x0000000082b00000, 0x0000000082b00000| Untracked 
|   8|0x0000000082c00000, 0x0000000082c00000, 0x0000000082d00000|  0%| F|  |TAMS 0x0000000082c00000, 0x0000000082c00000| Untracked 
|   9|0x0000000082d00000, 0x0000000082d00000, 0x0000000082e00000|  0%| F|  |TAMS 0x0000000082d00000, 0x0000000082d00000| Untracked 
|  10|0x0000000082e00000, 0x0000000082e00000, 0x0000000082f00000|  0%| F|  |TAMS 0x0000000082e00000, 0x0000000082e00000| Untracked 
|  11|0x0000000082f00000, 0x0000000082f00000, 0x0000000083000000|  0%| F|  |TAMS 0x0000000082f00000, 0x0000000082f00000| Untracked 
|  12|0x0000000083000000, 0x0000000083000000, 0x0000000083100000|  0%| F|  |TAMS 0x0000000083000000, 0x0000000083000000| Untracked 
|  13|0x0000000083100000, 0x0000000083100000, 0x0000000083200000|  0%| F|  |TAMS 0x0000000083100000, 0x0000000083100000| Untracked 
|  14|0x0000000083200000, 0x0000000083200000, 0x0000000083300000|  0%| F|  |TAMS 0x0000000083200000, 0x0000000083200000| Untracked 
|  15|0x0000000083300000, 0x0000000083300000, 0x0000000083400000|  0%| F|  |TAMS 0x0000000083300000, 0x0000000083300000| Untracked 
|  16|0x0000000083400000, 0x0000000083400000, 0x0000000083500000|  0%| F|  |TAMS 0x0000000083400000, 0x0000000083400000| Untracked 
|  17|0x0000000083500000, 0x0000000083500000, 0x0000000083600000|  0%| F|  |TAMS 0x0000000083500000, 0x0000000083500000| Untracked 
|  18|0x0000000083600000, 0x0000000083600000, 0x0000000083700000|  0%| F|  |TAMS 0x0000000083600000, 0x0000000083600000| Untracked 
|  19|0x0000000083700000, 0x0000000083700000, 0x0000000083800000|  0%| F|  |TAMS 0x0000000083700000, 0x0000000083700000| Untracked 
|  20|0x0000000083800000, 0x0000000083800000, 0x0000000083900000|  0%| F|  |TAMS 0x0000000083800000, 0x0000000083800000| Untracked 
|  21|0x0000000083900000, 0x0000000083900000, 0x0000000083a00000|  0%| F|  |TAMS 0x0000000083900000, 0x0000000083900000| Untracked 
|  22|0x0000000083a00000, 0x0000000083a00000, 0x0000000083b00000|  0%| F|  |TAMS 0x0000000083a00000, 0x0000000083a00000| Untracked 
|  23|0x0000000083b00000, 0x0000000083b00000, 0x0000000083c00000|  0%| F|  |TAMS 0x0000000083b00000, 0x0000000083b00000| Untracked 
|  24|0x0000000083c00000, 0x0000000083c00000, 0x0000000083d00000|  0%| F|  |TAMS 0x0000000083c00000, 0x0000000083c00000| Untracked 
|  25|0x0000000083d00000, 0x0000000083d00000, 0x0000000083e00000|  0%| F|  |TAMS 0x0000000083d00000, 0x0000000083d00000| Untracked 
|  26|0x0000000083e00000, 0x0000000083e00000, 0x0000000083f00000|  0%| F|  |TAMS 0x0000000083e00000, 0x0000000083e00000| Untracked 
|  27|0x0000000083f00000, 0x0000000083f00000, 0x0000000084000000|  0%| F|  |TAMS 0x0000000083f00000, 0x0000000083f00000| Untracked 
|  28|0x0000000084000000, 0x0000000084000000, 0x0000000084100000|  0%| F|  |TAMS 0x0000000084000000, 0x0000000084000000| Untracked 
|  29|0x0000000084100000, 0x0000000084100000, 0x0000000084200000|  0%| F|  |TAMS 0x0000000084100000, 0x0000000084100000| Untracked 
|  30|0x0000000084200000, 0x0000000084200000, 0x0000000084300000|  0%| F|  |TAMS 0x0000000084200000, 0x0000000084200000| Untracked 
|  31|0x0000000084300000, 0x0000000084300000, 0x0000000084400000|  0%| F|  |TAMS 0x0000000084300000, 0x0000000084300000| Untracked 
|  32|0x0000000084400000, 0x0000000084400000, 0x0000000084500000|  0%| F|  |TAMS 0x0000000084400000, 0x0000000084400000| Untracked 
|  33|0x0000000084500000, 0x0000000084500000, 0x0000000084600000|  0%| F|  |TAMS 0x0000000084500000, 0x0000000084500000| Untracked 
|  34|0x0000000084600000, 0x0000000084600000, 0x0000000084700000|  0%| F|  |TAMS 0x0000000084600000, 0x0000000084600000| Untracked 
|  35|0x0000000084700000, 0x0000000084700000, 0x0000000084800000|  0%| F|  |TAMS 0x0000000084700000, 0x0000000084700000| Untracked 
|  36|0x0000000084800000, 0x0000000084800000, 0x0000000084900000|  0%| F|  |TAMS 0x0000000084800000, 0x0000000084800000| Untracked 
|  37|0x0000000084900000, 0x0000000084900000, 0x0000000084a00000|  0%| F|  |TAMS 0x0000000084900000, 0x0000000084900000| Untracked 
|  38|0x0000000084a00000, 0x0000000084a00000, 0x0000000084b00000|  0%| F|  |TAMS 0x0000000084a00000, 0x0000000084a00000| Untracked 
|  39|0x0000000084b00000, 0x0000000084b00000, 0x0000000084c00000|  0%| F|  |TAMS 0x0000000084b00000, 0x0000000084b00000| Untracked 
|  40|0x0000000084c00000, 0x0000000084c00000, 0x0000000084d00000|  0%| F|  |TAMS 0x0000000084c00000, 0x0000000084c00000| Untracked 
|  41|0x0000000084d00000, 0x0000000084d00000, 0x0000000084e00000|  0%| F|  |TAMS 0x0000000084d00000, 0x0000000084d00000| Untracked 
|  42|0x0000000084e00000, 0x0000000084e00000, 0x0000000084f00000|  0%| F|  |TAMS 0x0000000084e00000, 0x0000000084e00000| Untracked 
|  43|0x0000000084f00000, 0x0000000084f00000, 0x0000000085000000|  0%| F|  |TAMS 0x0000000084f00000, 0x0000000084f00000| Untracked 
|  44|0x0000000085000000, 0x0000000085000000, 0x0000000085100000|  0%| F|  |TAMS 0x0000000085000000, 0x0000000085000000| Untracked 
|  45|0x0000000085100000, 0x0000000085100000, 0x0000000085200000|  0%| F|  |TAMS 0x0000000085100000, 0x0000000085100000| Untracked 
|  46|0x0000000085200000, 0x0000000085200000, 0x0000000085300000|  0%| F|  |TAMS 0x0000000085200000, 0x0000000085200000| Untracked 
|  47|0x0000000085300000, 0x0000000085300000, 0x0000000085400000|  0%| F|  |TAMS 0x0000000085300000, 0x0000000085300000| Untracked 
|  48|0x0000000085400000, 0x0000000085400000, 0x0000000085500000|  0%| F|  |TAMS 0x0000000085400000, 0x0000000085400000| Untracked 
|  49|0x0000000085500000, 0x0000000085500000, 0x0000000085600000|  0%| F|  |TAMS 0x0000000085500000, 0x0000000085500000| Untracked 
|  50|0x0000000085600000, 0x0000000085600000, 0x0000000085700000|  0%| F|  |TAMS 0x0000000085600000, 0x0000000085600000| Untracked 
|  51|0x0000000085700000, 0x0000000085700000, 0x0000000085800000|  0%| F|  |TAMS 0x0000000085700000, 0x0000000085700000| Untracked 
|  52|0x0000000085800000, 0x0000000085800000, 0x0000000085900000|  0%| F|  |TAMS 0x0000000085800000, 0x0000000085800000| Untracked 
|  53|0x0000000085900000, 0x0000000085900000, 0x0000000085a00000|  0%| F|  |TAMS 0x0000000085900000, 0x0000000085900000| Untracked 
|  54|0x0000000085a00000, 0x0000000085a00000, 0x0000000085b00000|  0%| F|  |TAMS 0x0000000085a00000, 0x0000000085a00000| Untracked 
|  55|0x0000000085b00000, 0x0000000085b00000, 0x0000000085c00000|  0%| F|  |TAMS 0x0000000085b00000, 0x0000000085b00000| Untracked 
|  56|0x0000000085c00000, 0x0000000085c00000, 0x0000000085d00000|  0%| F|  |TAMS 0x0000000085c00000, 0x0000000085c00000| Untracked 
|  57|0x0000000085d00000, 0x0000000085d00000, 0x0000000085e00000|  0%| F|  |TAMS 0x0000000085d00000, 0x0000000085d00000| Untracked 
|  58|0x0000000085e00000, 0x0000000085e00000, 0x0000000085f00000|  0%| F|  |TAMS 0x0000000085e00000, 0x0000000085e00000| Untracked 
|  59|0x0000000085f00000, 0x0000000085f00000, 0x0000000086000000|  0%| F|  |TAMS 0x0000000085f00000, 0x0000000085f00000| Untracked 
|  60|0x0000000086000000, 0x0000000086000000, 0x0000000086100000|  0%| F|  |TAMS 0x0000000086000000, 0x0000000086000000| Untracked 
|  61|0x0000000086100000, 0x0000000086100000, 0x0000000086200000|  0%| F|  |TAMS 0x0000000086100000, 0x0000000086100000| Untracked 
|  62|0x0000000086200000, 0x0000000086200000, 0x0000000086300000|  0%| F|  |TAMS 0x0000000086200000, 0x0000000086200000| Untracked 
|  63|0x0000000086300000, 0x0000000086300000, 0x0000000086400000|  0%| F|  |TAMS 0x0000000086300000, 0x0000000086300000| Untracked 
|  64|0x0000000086400000, 0x0000000086400000, 0x0000000086500000|  0%| F|  |TAMS 0x0000000086400000, 0x0000000086400000| Untracked 
|  65|0x0000000086500000, 0x0000000086500000, 0x0000000086600000|  0%| F|  |TAMS 0x0000000086500000, 0x0000000086500000| Untracked 
|  66|0x0000000086600000, 0x0000000086600000, 0x0000000086700000|  0%| F|  |TAMS 0x0000000086600000, 0x0000000086600000| Untracked 
|  67|0x0000000086700000, 0x0000000086700000, 0x0000000086800000|  0%| F|  |TAMS 0x0000000086700000, 0x0000000086700000| Untracked 
|  68|0x0000000086800000, 0x0000000086800000, 0x0000000086900000|  0%| F|  |TAMS 0x0000000086800000, 0x0000000086800000| Untracked 
|  69|0x0000000086900000, 0x0000000086900000, 0x0000000086a00000|  0%| F|  |TAMS 0x0000000086900000, 0x0000000086900000| Untracked 
|  70|0x0000000086a00000, 0x0000000086a00000, 0x0000000086b00000|  0%| F|  |TAMS 0x0000000086a00000, 0x0000000086a00000| Untracked 
|  71|0x0000000086b00000, 0x0000000086b00000, 0x0000000086c00000|  0%| F|  |TAMS 0x0000000086b00000, 0x0000000086b00000| Untracked 
|  72|0x0000000086c00000, 0x0000000086c00000, 0x0000000086d00000|  0%| F|  |TAMS 0x0000000086c00000, 0x0000000086c00000| Untracked 
|  73|0x0000000086d00000, 0x0000000086d00000, 0x0000000086e00000|  0%| F|  |TAMS 0x0000000086d00000, 0x0000000086d00000| Untracked 
|  74|0x0000000086e00000, 0x0000000086e00000, 0x0000000086f00000|  0%| F|  |TAMS 0x0000000086e00000, 0x0000000086e00000| Untracked 
|  75|0x0000000086f00000, 0x0000000086f00000, 0x0000000087000000|  0%| F|  |TAMS 0x0000000086f00000, 0x0000000086f00000| Untracked 
|  76|0x0000000087000000, 0x0000000087000000, 0x0000000087100000|  0%| F|  |TAMS 0x0000000087000000, 0x0000000087000000| Untracked 
|  77|0x0000000087100000, 0x0000000087100000, 0x0000000087200000|  0%| F|  |TAMS 0x0000000087100000, 0x0000000087100000| Untracked 
|  78|0x0000000087200000, 0x0000000087200000, 0x0000000087300000|  0%| F|  |TAMS 0x0000000087200000, 0x0000000087200000| Untracked 
|  79|0x0000000087300000, 0x0000000087300000, 0x0000000087400000|  0%| F|  |TAMS 0x0000000087300000, 0x0000000087300000| Untracked 
|  80|0x0000000087400000, 0x0000000087400000, 0x0000000087500000|  0%| F|  |TAMS 0x0000000087400000, 0x0000000087400000| Untracked 
|  81|0x0000000087500000, 0x0000000087500000, 0x0000000087600000|  0%| F|  |TAMS 0x0000000087500000, 0x0000000087500000| Untracked 
|  82|0x0000000087600000, 0x0000000087600000, 0x0000000087700000|  0%| F|  |TAMS 0x0000000087600000, 0x0000000087600000| Untracked 
|  83|0x0000000087700000, 0x0000000087700000, 0x0000000087800000|  0%| F|  |TAMS 0x0000000087700000, 0x0000000087700000| Untracked 
|  84|0x0000000087800000, 0x0000000087800000, 0x0000000087900000|  0%| F|  |TAMS 0x0000000087800000, 0x0000000087800000| Untracked 
|  85|0x0000000087900000, 0x0000000087900000, 0x0000000087a00000|  0%| F|  |TAMS 0x0000000087900000, 0x0000000087900000| Untracked 
|  86|0x0000000087a00000, 0x0000000087a00000, 0x0000000087b00000|  0%| F|  |TAMS 0x0000000087a00000, 0x0000000087a00000| Untracked 
|  87|0x0000000087b00000, 0x0000000087b00000, 0x0000000087c00000|  0%| F|  |TAMS 0x0000000087b00000, 0x0000000087b00000| Untracked 
|  88|0x0000000087c00000, 0x0000000087c00000, 0x0000000087d00000|  0%| F|  |TAMS 0x0000000087c00000, 0x0000000087c00000| Untracked 
|  89|0x0000000087d00000, 0x0000000087d00000, 0x0000000087e00000|  0%| F|  |TAMS 0x0000000087d00000, 0x0000000087d00000| Untracked 
|  90|0x0000000087e00000, 0x0000000087e00000, 0x0000000087f00000|  0%| F|  |TAMS 0x0000000087e00000, 0x0000000087e00000| Untracked 
|  91|0x0000000087f00000, 0x0000000087f00000, 0x0000000088000000|  0%| F|  |TAMS 0x0000000087f00000, 0x0000000087f00000| Untracked 
|  92|0x0000000088000000, 0x0000000088000000, 0x0000000088100000|  0%| F|  |TAMS 0x0000000088000000, 0x0000000088000000| Untracked 
|  93|0x0000000088100000, 0x0000000088100000, 0x0000000088200000|  0%| F|  |TAMS 0x0000000088100000, 0x0000000088100000| Untracked 
|  94|0x0000000088200000, 0x0000000088200000, 0x0000000088300000|  0%| F|  |TAMS 0x0000000088200000, 0x0000000088200000| Untracked 
|  95|0x0000000088300000, 0x0000000088300000, 0x0000000088400000|  0%| F|  |TAMS 0x0000000088300000, 0x0000000088300000| Untracked 
|  96|0x0000000088400000, 0x0000000088400000, 0x0000000088500000|  0%| F|  |TAMS 0x0000000088400000, 0x0000000088400000| Untracked 
|  97|0x0000000088500000, 0x0000000088500000, 0x0000000088600000|  0%| F|  |TAMS 0x0000000088500000, 0x0000000088500000| Untracked 
|  98|0x0000000088600000, 0x0000000088600000, 0x0000000088700000|  0%| F|  |TAMS 0x0000000088600000, 0x0000000088600000| Untracked 
|  99|0x0000000088700000, 0x0000000088700000, 0x0000000088800000|  0%| F|  |TAMS 0x0000000088700000, 0x0000000088700000| Untracked 
| 100|0x0000000088800000, 0x0000000088800000, 0x0000000088900000|  0%| F|  |TAMS 0x0000000088800000, 0x0000000088800000| Untracked 
| 101|0x0000000088900000, 0x0000000088900000, 0x0000000088a00000|  0%| F|  |TAMS 0x0000000088900000, 0x0000000088900000| Untracked 
| 102|0x0000000088a00000, 0x0000000088a00000, 0x0000000088b00000|  0%| F|  |TAMS 0x0000000088a00000, 0x0000000088a00000| Untracked 
| 103|0x0000000088b00000, 0x0000000088b00000, 0x0000000088c00000|  0%| F|  |TAMS 0x0000000088b00000, 0x0000000088b00000| Untracked 
| 104|0x0000000088c00000, 0x0000000088c00000, 0x0000000088d00000|  0%| F|  |TAMS 0x0000000088c00000, 0x0000000088c00000| Untracked 
| 105|0x0000000088d00000, 0x0000000088d00000, 0x0000000088e00000|  0%| F|  |TAMS 0x0000000088d00000, 0x0000000088d00000| Untracked 
| 106|0x0000000088e00000, 0x0000000088e00000, 0x0000000088f00000|  0%| F|  |TAMS 0x0000000088e00000, 0x0000000088e00000| Untracked 
| 107|0x0000000088f00000, 0x0000000088f00000, 0x0000000089000000|  0%| F|  |TAMS 0x0000000088f00000, 0x0000000088f00000| Untracked 
| 108|0x0000000089000000, 0x0000000089000000, 0x0000000089100000|  0%| F|  |TAMS 0x0000000089000000, 0x0000000089000000| Untracked 
| 109|0x0000000089100000, 0x0000000089100000, 0x0000000089200000|  0%| F|  |TAMS 0x0000000089100000, 0x0000000089100000| Untracked 
| 110|0x0000000089200000, 0x0000000089200000, 0x0000000089300000|  0%| F|  |TAMS 0x0000000089200000, 0x0000000089200000| Untracked 
| 111|0x0000000089300000, 0x0000000089300000, 0x0000000089400000|  0%| F|  |TAMS 0x0000000089300000, 0x0000000089300000| Untracked 
| 112|0x0000000089400000, 0x0000000089400000, 0x0000000089500000|  0%| F|  |TAMS 0x0000000089400000, 0x0000000089400000| Untracked 
| 113|0x0000000089500000, 0x0000000089500000, 0x0000000089600000|  0%| F|  |TAMS 0x0000000089500000, 0x0000000089500000| Untracked 
| 114|0x0000000089600000, 0x0000000089600000, 0x0000000089700000|  0%| F|  |TAMS 0x0000000089600000, 0x0000000089600000| Untracked 
| 115|0x0000000089700000, 0x0000000089700000, 0x0000000089800000|  0%| F|  |TAMS 0x0000000089700000, 0x0000000089700000| Untracked 
| 116|0x0000000089800000, 0x0000000089800000, 0x0000000089900000|  0%| F|  |TAMS 0x0000000089800000, 0x0000000089800000| Untracked 
| 117|0x0000000089900000, 0x0000000089985a70, 0x0000000089a00000| 52%| E|  |TAMS 0x0000000089900000, 0x0000000089900000| Complete 
| 118|0x0000000089a00000, 0x0000000089b00000, 0x0000000089b00000|100%| E|CS|TAMS 0x0000000089a00000, 0x0000000089a00000| Complete 
| 119|0x0000000089b00000, 0x0000000089c00000, 0x0000000089c00000|100%| E|CS|TAMS 0x0000000089b00000, 0x0000000089b00000| Complete 
| 120|0x0000000089c00000, 0x0000000089d00000, 0x0000000089d00000|100%| E|CS|TAMS 0x0000000089c00000, 0x0000000089c00000| Complete 
| 121|0x0000000089d00000, 0x0000000089e00000, 0x0000000089e00000|100%| E|CS|TAMS 0x0000000089d00000, 0x0000000089d00000| Complete 
| 122|0x0000000089e00000, 0x0000000089f00000, 0x0000000089f00000|100%| E|CS|TAMS 0x0000000089e00000, 0x0000000089e00000| Complete 
| 123|0x0000000089f00000, 0x000000008a000000, 0x000000008a000000|100%| E|CS|TAMS 0x0000000089f00000, 0x0000000089f00000| Complete 
| 124|0x000000008a000000, 0x000000008a100000, 0x000000008a100000|100%| E|CS|TAMS 0x000000008a000000, 0x000000008a000000| Complete 
| 125|0x000000008a100000, 0x000000008a200000, 0x000000008a200000|100%| E|CS|TAMS 0x000000008a100000, 0x000000008a100000| Complete 

Card table byte_map: [0x000001b043290000,0x000001b043680000] _byte_map_base: 0x000001b042e7e000

Marking Bits (Prev, Next): (CMBitMap*) 0x000001b02bcb5880, (CMBitMap*) 0x000001b02bcb58c0
 Prev Bits: [0x000001b043a70000, 0x000001b0459e0000)
 Next Bits: [0x000001b0459e0000, 0x000001b047950000)

Polling page: 0x000001b029b40000

Metaspace:

Usage:
  Non-class:      4.75 MB capacity,     2.92 MB ( 61%) used,     1.83 MB ( 38%) free+waste,     3.44 KB ( <1%) overhead. 
      Class:    546.00 KB capacity,   338.23 KB ( 62%) used,   205.83 KB ( 38%) free+waste,     1.94 KB ( <1%) overhead. 
       Both:      5.28 MB capacity,     3.25 MB ( 61%) used,     2.03 MB ( 38%) free+waste,     5.38 KB ( <1%) overhead. 

Virtual space:
  Non-class space:        8.00 MB reserved,       4.75 MB ( 59%) committed 
      Class space:        1.00 GB reserved,     640.00 KB ( <1%) committed 
             Both:        1.01 GB reserved,       5.38 MB ( <1%) committed 

Chunk freelists:
   Non-Class:  0 bytes
       Class:  30.00 KB
        Both:  30.00 KB

MaxMetaspaceSize: 17179869184.00 GB
CompressedClassSpaceSize: 1.00 GB

CodeHeap 'non-profiled nmethods': size=120000Kb used=217Kb max_used=217Kb free=119783Kb
 bounds [0x000001b03b970000, 0x000001b03bbe0000, 0x000001b042ea0000]
CodeHeap 'profiled nmethods': size=120000Kb used=1222Kb max_used=1222Kb free=118777Kb
 bounds [0x000001b034440000, 0x000001b0346b0000, 0x000001b03b970000]
CodeHeap 'non-nmethods': size=5760Kb used=1169Kb max_used=1169Kb free=4590Kb
 bounds [0x000001b033ea0000, 0x000001b034110000, 0x000001b034440000]
 total_blobs=1140 nmethods=709 adapters=345
 compilation: enabled
              stopped_count=0, restarted_count=0
 full_count=0

Compilation events (20 events):
Event: 1.492 Thread 0x000001b049e2ff10 nmethod 686 0x000001b034552a90 code [0x000001b034552da0, 0x000001b034553eb8]
Event: 1.516 Thread 0x000001b049e2ff10  687       3       java.util.concurrent.ConcurrentHashMap$Node::<init> (20 bytes)
Event: 1.517 Thread 0x000001b049e2ff10 nmethod 687 0x000001b034554490 code [0x000001b034554640, 0x000001b034554858]
Event: 1.518 Thread 0x000001b049e2ff10  688       3       java.util.Properties::loadConvert (544 bytes)
Event: 1.521 Thread 0x000001b049e2ff10 nmethod 688 0x000001b034554910 code [0x000001b034554c00, 0x000001b034555ff8]
Event: 1.527 Thread 0x000001b049e2ff10  689       3       java.util.concurrent.ConcurrentHashMap::put (8 bytes)
Event: 1.528 Thread 0x000001b049e2ff10 nmethod 689 0x000001b034556610 code [0x000001b0345567c0, 0x000001b0345568e8]
Event: 1.531 Thread 0x000001b049e2ff10  690       3       java.util.Properties$LineReader::readLine (584 bytes)
Event: 1.537 Thread 0x000001b049e2ff10 nmethod 690 0x000001b034556990 code [0x000001b034556d60, 0x000001b0345599f8]
Event: 1.548 Thread 0x000001b049e2ff10  691  s    3       java.util.Properties::put (10 bytes)
Event: 1.549 Thread 0x000001b049e2ff10 nmethod 691 0x000001b03455a710 code [0x000001b03455a8c0, 0x000001b03455ab28]
Event: 1.551 Thread 0x000001b049e2e450  692       4       java.lang.StringLatin1::canEncode (13 bytes)
Event: 1.552 Thread 0x000001b049e2e450 nmethod 692 0x000001b03b9a6110 code [0x000001b03b9a6280, 0x000001b03b9a62d8]
Event: 1.557 Thread 0x000001b049e2ff10  693       3       java.lang.AbstractStringBuilder::checkRange (63 bytes)
Event: 1.559 Thread 0x000001b049e2ff10 nmethod 693 0x000001b03455ac10 code [0x000001b03455aea0, 0x000001b03455b798]
Event: 1.562 Thread 0x000001b049e2e450  694       4       java.util.Properties::loadConvert (544 bytes)
Event: 1.568 Thread 0x000001b049e2ff10  695       3       java.util.concurrent.ConcurrentHashMap$Node::<init> (14 bytes)
Event: 1.568 Thread 0x000001b049e2ff10 nmethod 695 0x000001b03455bb10 code [0x000001b03455bcc0, 0x000001b03455bf98]
Event: 1.576 Thread 0x000001b049e2ff10  696       3       java.nio.ByteBuffer::arrayOffset (35 bytes)
Event: 1.577 Thread 0x000001b049e2ff10 nmethod 696 0x000001b03455c090 code [0x000001b03455c260, 0x000001b03455c4d8]

GC Heap History (0 events):
No events

Deoptimization events (18 events):
Event: 0.403 Thread 0x000001b04a872a40 Uncommon trap: trap_request=0xffffff45 fr.pc=0x000001b03b9748e0 relative=0x00000000000001c0
Event: 0.403 Thread 0x000001b04a872a40 Uncommon trap: reason=unstable_if action=reinterpret pc=0x000001b03b9748e0 method=java.lang.String.hashCode()I @ 13 c2
Event: 0.403 Thread 0x000001b04a872a40 DEOPT PACKING pc=0x000001b03b9748e0 sp=0x00000011d6ffcb30
Event: 0.403 Thread 0x000001b04a872a40 DEOPT UNPACKING pc=0x000001b033eee129 sp=0x00000011d6ffcac8 mode 2
Event: 0.625 Thread 0x000001b02bc799a0 DEOPT PACKING pc=0x000001b03446bf5f sp=0x00000011d5df9b50
Event: 0.625 Thread 0x000001b02bc799a0 DEOPT UNPACKING pc=0x000001b033eedf30 sp=0x00000011d5df8fc8 mode 0
Event: 0.861 Thread 0x000001b02bc799a0 Uncommon trap: trap_request=0xffffff45 fr.pc=0x000001b03b9807d8 relative=0x0000000000000058
Event: 0.861 Thread 0x000001b02bc799a0 Uncommon trap: reason=unstable_if action=reinterpret pc=0x000001b03b9807d8 method=java.lang.String.isLatin1()Z @ 10 c2
Event: 0.861 Thread 0x000001b02bc799a0 DEOPT PACKING pc=0x000001b03b9807d8 sp=0x00000011d5dfe410
Event: 0.861 Thread 0x000001b02bc799a0 DEOPT UNPACKING pc=0x000001b033eee129 sp=0x00000011d5dfe3a0 mode 2
Event: 1.166 Thread 0x000001b049e29e80 Uncommon trap: trap_request=0xffffff45 fr.pc=0x000001b03b975290 relative=0x0000000000000070
Event: 1.166 Thread 0x000001b049e29e80 Uncommon trap: reason=unstable_if action=reinterpret pc=0x000001b03b975290 method=java.lang.String.isLatin1()Z @ 10 c2
Event: 1.166 Thread 0x000001b049e29e80 DEOPT PACKING pc=0x000001b03b975290 sp=0x00000011d67fdf40
Event: 1.166 Thread 0x000001b049e29e80 DEOPT UNPACKING pc=0x000001b033eee129 sp=0x00000011d67fde80 mode 2
Event: 1.198 Thread 0x000001b049e29e80 Uncommon trap: trap_request=0xffffff45 fr.pc=0x000001b03b9885a8 relative=0x0000000000000208
Event: 1.198 Thread 0x000001b049e29e80 Uncommon trap: reason=unstable_if action=reinterpret pc=0x000001b03b9885a8 method=java.lang.String.startsWith(Ljava/lang/String;I)Z @ 14 c2
Event: 1.198 Thread 0x000001b049e29e80 DEOPT PACKING pc=0x000001b03b9885a8 sp=0x00000011d67fe380
Event: 1.198 Thread 0x000001b049e29e80 DEOPT UNPACKING pc=0x000001b033eee129 sp=0x00000011d67fe2e0 mode 2

Classes unloaded (0 events):
No events

Classes redefined (0 events):
No events

Internal exceptions (8 events):
Event: 0.384 Thread 0x000001b02bc799a0 Exception <a 'java/io/FileNotFoundException'{0x000000008a090398}> (0x000000008a090398) 
thrown [./open/src/hotspot/share/prims/jni.cpp, line 578]
Event: 0.389 Thread 0x000001b04a872a40 Exception <a 'java/lang/NoSuchMethodError'{0x000000008a054eb8}: 'java.lang.Object java.lang.invoke.DirectMethodHandle$Holder.invokeStatic(java.lang.Object)'> (0x000000008a054eb8) 
thrown [./open/src/hotspot/share/interpreter/linkResolver.cpp, line 782]
Event: 0.395 Thread 0x000001b04a872a40 Exception <a 'java/lang/NoSuchMethodError'{0x000000008a05a5c0}: 'java.lang.Object java.lang.invoke.DirectMethodHandle$Holder.invokeStaticInit(java.lang.Object)'> (0x000000008a05a5c0) 
thrown [./open/src/hotspot/share/interpreter/linkResolver.cpp, line 782]
Event: 0.413 Thread 0x000001b02bc799a0 Exception <a 'java/lang/NoSuchMethodError'{0x000000008a0b3bf0}: 'void java.lang.invoke.DirectMethodHandle$Holder.invokeSpecial(java.lang.Object, java.lang.Object, java.lang.Object)'> (0x000000008a0b3bf0) 
thrown [./open/src/hotspot/share/interpreter/linkResolver.cpp, line 782]
Event: 0.420 Thread 0x000001b02bc799a0 Exception <a 'java/lang/NoSuchMethodError'{0x000000008a0beb98}: 'java.lang.Object java.lang.invoke.DirectMethodHandle$Holder.invokeInterface(java.lang.Object, java.lang.Object)'> (0x000000008a0beb98) 
thrown [./open/src/hotspot/share/interpreter/linkResolver.cpp, line 782]
Event: 0.423 Thread 0x000001b04a872a40 Exception <a 'java/lang/NoSuchMethodError'{0x000000008a073058}: 'void java.lang.invoke.DirectMethodHandle$Holder.invokeStatic(java.lang.Object, java.lang.Object)'> (0x000000008a073058) 
thrown [./open/src/hotspot/share/interpreter/linkResolver.cpp, line 782]
Event: 0.686 Thread 0x000001b02bc799a0 Exception <a 'java/lang/IncompatibleClassChangeError'{0x0000000089d2e588}: Found class java.lang.Object, but interface was expected> (0x0000000089d2e588) 
thrown [./open/src/hotspot/share/interpreter/linkResolver.cpp, line 848]
Event: 0.735 Thread 0x000001b02bc799a0 Exception <a 'java/lang/NoSuchMethodError'{0x0000000089d9e398}: 'java.lang.Object java.lang.invoke.DirectMethodHandle$Holder.newInvokeSpecial(java.lang.Object, java.lang.Object, java.lang.Object, java.lang.Object, java.lang.Object)'> (0x0000000089d9e398) 
thrown [./open/src/hotspot/share/interpreter/linkResolver.cpp, line 782]

Events (20 events):
Event: 1.387 loading class java/util/concurrent/locks/ReentrantReadWriteLock$ReadLock
Event: 1.387 loading class java/util/concurrent/locks/ReentrantReadWriteLock$ReadLock done
Event: 1.387 loading class java/util/concurrent/locks/ReentrantReadWriteLock$WriteLock
Event: 1.387 loading class java/util/concurrent/locks/ReentrantReadWriteLock$WriteLock done
Event: 1.394 loading class java/util/regex/Pattern$Neg
Event: 1.394 loading class java/util/regex/Pattern$Neg done
Event: 1.403 loading class java/nio/charset/UnsupportedCharsetException
Event: 1.403 loading class java/nio/charset/UnsupportedCharsetException done
Event: 1.429 loading class java/net/URLDecoder
Event: 1.429 loading class java/net/URLDecoder done
Event: 1.429 loading class java/net/URLEncoder
Event: 1.429 loading class java/net/URLEncoder done
Event: 1.429 loading class java/util/BitSet
Event: 1.430 loading class java/util/BitSet done
Event: 1.467 loading class java/lang/NoSuchFieldError
Event: 1.468 loading class java/lang/NoSuchFieldError done
Event: 1.489 loading class java/util/MissingResourceException
Event: 1.489 loading class java/util/MissingResourceException done
Event: 1.490 loading class java/util/zip/ZipFile$ZipEntryIterator
Event: 1.490 loading class java/util/zip/ZipFile$ZipEntryIterator done


Dynamic libraries:
0x00007ff7f2130000 - 0x00007ff7f213f000 	C:\Program Files\Java\jdk-15.0.2\bin\java.exe
0x00007ffb03d80000 - 0x00007ffb03f70000 	C:\Windows\SYSTEM32\ntdll.dll
0x00007ffb02e40000 - 0x00007ffb02ef2000 	C:\Windows\System32\KERNEL32.DLL
0x00007ffb01530000 - 0x00007ffb017d3000 	C:\Windows\System32\KERNELBASE.dll
0x00007ffb01ac0000 - 0x00007ffb01bba000 	C:\Windows\System32\ucrtbase.dll
0x00007ffaf2fb0000 - 0x00007ffaf2fc8000 	C:\Program Files\Java\jdk-15.0.2\bin\jli.dll
0x00007ffaf2e40000 - 0x00007ffaf2e59000 	C:\Program Files\Java\jdk-15.0.2\bin\VCRUNTIME140.dll
0x00007ffb03b90000 - 0x00007ffb03c33000 	C:\Windows\System32\ADVAPI32.dll
0x00007ffb02bf0000 - 0x00007ffb02c8e000 	C:\Windows\System32\msvcrt.dll
0x00007ffb01e30000 - 0x00007ffb01ec7000 	C:\Windows\System32\sechost.dll
0x00007ffb01ef0000 - 0x00007ffb02010000 	C:\Windows\System32\RPCRT4.dll
0x00007ffb03380000 - 0x00007ffb03514000 	C:\Windows\System32\USER32.dll
0x00007ffb01890000 - 0x00007ffb018b1000 	C:\Windows\System32\win32u.dll
0x00007ffb03b60000 - 0x00007ffb03b86000 	C:\Windows\System32\GDI32.dll
0x00007ffb01bc0000 - 0x00007ffb01d54000 	C:\Windows\System32\gdi32full.dll
0x00007ffb01490000 - 0x00007ffb0152e000 	C:\Windows\System32\msvcp_win.dll
0x00007ffaf3840000 - 0x00007ffaf3ac5000 	C:\Windows\WinSxS\amd64_microsoft.windows.common-controls_6595b64144ccf1df_6.0.18362.628_none_e6c6b62f130d50fc\COMCTL32.dll
0x00007ffb02880000 - 0x00007ffb02bb6000 	C:\Windows\System32\combase.dll
0x00007ffaf9d80000 - 0x00007ffaf9d8a000 	C:\Windows\SYSTEM32\VERSION.dll
0x00007ffb01810000 - 0x00007ffb01890000 	C:\Windows\System32\bcryptPrimitives.dll
0x00007ffb02bc0000 - 0x00007ffb02bee000 	C:\Windows\System32\IMM32.DLL
0x00007ffafd070000 - 0x00007ffafd07c000 	C:\Program Files\Java\jdk-15.0.2\bin\vcruntime140_1.dll
0x00007ffad8c80000 - 0x00007ffad8d11000 	C:\Program Files\Java\jdk-15.0.2\bin\msvcp140.dll
0x00007ffac0850000 - 0x00007ffac13ae000 	C:\Program Files\Java\jdk-15.0.2\bin\server\jvm.dll
0x00007ffb03c40000 - 0x00007ffb03c48000 	C:\Windows\System32\PSAPI.DLL
0x00007ffaefc70000 - 0x00007ffaefc79000 	C:\Windows\SYSTEM32\WSOCK32.dll
0x00007ffb020c0000 - 0x00007ffb0212f000 	C:\Windows\System32\WS2_32.dll
0x00007ffafe740000 - 0x00007ffafe764000 	C:\Windows\SYSTEM32\WINMM.dll
0x00007ffafe710000 - 0x00007ffafe73d000 	C:\Windows\SYSTEM32\winmmbase.dll
0x00007ffb01dc0000 - 0x00007ffb01e0a000 	C:\Windows\System32\cfgmgr32.dll
0x00007ffb00c60000 - 0x00007ffb00c71000 	C:\Windows\System32\kernel.appcore.dll
0x00007ffafd000000 - 0x00007ffafd00a000 	C:\Program Files\Java\jdk-15.0.2\bin\jimage.dll
0x00007ffaf8e40000 - 0x00007ffaf9034000 	C:\Windows\SYSTEM32\DBGHELP.DLL
0x00007ffaf1290000 - 0x00007ffaf12ba000 	C:\Windows\SYSTEM32\dbgcore.DLL
0x00007ffaf29d0000 - 0x00007ffaf29f5000 	C:\Program Files\Java\jdk-15.0.2\bin\java.dll
0x00007ffb02130000 - 0x00007ffb02815000 	C:\Windows\System32\SHELL32.dll
0x00007ffb03ab0000 - 0x00007ffb03b59000 	C:\Windows\System32\shcore.dll
0x00007ffb00d10000 - 0x00007ffb0148f000 	C:\Windows\System32\windows.storage.dll
0x00007ffb00cf0000 - 0x00007ffb00d0f000 	C:\Windows\System32\profapi.dll
0x00007ffb00ca0000 - 0x00007ffb00cea000 	C:\Windows\System32\powrprof.dll
0x00007ffb00c50000 - 0x00007ffb00c60000 	C:\Windows\System32\UMPDC.dll
0x00007ffb035f0000 - 0x00007ffb03642000 	C:\Windows\System32\shlwapi.dll
0x00007ffb01e10000 - 0x00007ffb01e27000 	C:\Windows\System32\cryptsp.dll
0x0000000061070000 - 0x0000000061081000 	C:\Program Files\Common Files\Crypto Pro\AppCompat\cpadvai.dll
0x0000000061090000 - 0x0000000061097000 	C:\Program Files\Common Files\Crypto Pro\AppCompat\detoured.dll
0x00007ffaf2980000 - 0x00007ffaf2999000 	C:\Program Files\Java\jdk-15.0.2\bin\net.dll
0x00007ffaf4200000 - 0x00007ffaf42f0000 	C:\Windows\SYSTEM32\WINHTTP.dll
0x00007ffafff90000 - 0x00007ffaffff7000 	C:\Windows\system32\mswsock.dll
0x00007ffaf2960000 - 0x00007ffaf2972000 	C:\Program Files\Java\jdk-15.0.2\bin\nio.dll
0x00007ffafc3c0000 - 0x00007ffafc3d0000 	C:\Program Files\Java\jdk-15.0.2\bin\verify.dll
0x00007ffaf8310000 - 0x00007ffaf832a000 	C:\Program Files\JetBrains\IntelliJ IDEA 2018.3.2\bin\breakgen64.dll
0x00007ffaf2550000 - 0x00007ffaf2568000 	C:\Program Files\Java\jdk-15.0.2\bin\zip.dll

dbghelp: loaded successfully - version: 4.0.5 - missing functions: none
symbol engine: initialized successfully - sym options: 0x614 - pdb path: .;C:\Program Files\Java\jdk-15.0.2\bin;C:\Windows\SYSTEM32;C:\Windows\WinSxS\amd64_microsoft.windows.common-controls_6595b64144ccf1df_6.0.18362.628_none_e6c6b62f130d50fc;C:\Program Files\Java\jdk-15.0.2\bin\server;C:\Program Files\Common Files\Crypto Pro\AppCompat;C:\Program Files\JetBrains\IntelliJ IDEA 2018.3.2\bin

VM Arguments:
jvm_args: -ea -Didea.test.cyclic.buffer.size=1048576 -Didea.launcher.port=51238 -Didea.launcher.bin.path=C:\Program Files\JetBrains\IntelliJ IDEA 2018.3.2\bin -Dfile.encoding=UTF-8 
java_command: com.intellij.rt.execution.application.AppMainV2 com.intellij.rt.execution.junit.JUnitStarter -ideVersion5 -junit4 UserServiceTest
java_class_path (initial): C:\Program Files\JetBrains\IntelliJ IDEA 2018.3.2\lib\idea_rt.jar;C:\Program Files\JetBrains\IntelliJ IDEA 2018.3.2\plugins\junit\lib\junit-rt.jar;C:\Program Files\JetBrains\IntelliJ IDEA 2018.3.2\plugins\junit\lib\junit5-rt.jar;C:\Users\admin\IdeaProjects\CoreTaskTemplate\target\test-classes;C:\Users\admin\IdeaProjects\CoreTaskTemplate\target\classes;C:\Users\admin\.m2\repository\junit\junit\4.12\junit-4.12.jar;C:\Users\admin\.m2\repository\org\hamcrest\hamcrest-core\1.3\hamcrest-core-1.3.jar;C:\Users\admin\.m2\repository\mysql\mysql-connector-java\5.1.38\mysql-connector-java-5.1.38.jar;C:\Users\admin\.m2\repository\org\hibernate\javax\persistence\hibernate-jpa-2.1-api\1.0.2.Final\hibernate-jpa-2.1-api-1.0.2.Final.jar;C:\Users\admin\.m2\repository\org\hibernate\hibernate-core\4.3.10.Final\hibernate-core-4.3.10.Final.jar;C:\Users\admin\.m2\repository\org\jboss\logging\jboss-logging\3.1.3.GA\jboss-logging-3.1.3.GA.jar;C:\Users\admin\.m2\repository\org\jboss\logging\jboss-logging-annotations\1.2.0.Beta1\jboss-logging-annotations-1.2.0.Beta1.jar;C:\Users\admin\.m2\repository\org\jboss\spec\javax\transaction\jboss-transaction-api_1.2_spec\1.0.0.Final\jboss-transaction-api_1.2_spec-1.0.0.Final.jar;C:\Users\admin\.m2\repository\dom4j\dom4j\1.6.1\dom4j-1.6.1.jar;C:\Users\admin\.m2\repository\xml-apis\xml-apis\1.0.b2\xml-apis-1.0.b2.jar;C:\Users\admin\.m2\repository\org\hibernate\common\hibernate-commons-annotations\4.0.5.Final\hibernate-commons-annotations-4.0.5.Final.jar;C:\Users\admin\.m2\repository\org\javassist\javassist\3.18.1-GA\javassist-3.18.1-GA.jar;C:\Users\admin\.m2\repository\antlr\antlr\2.7.7\antlr-2.7.7.jar;C:\Users\admin\.m2\repository\org\jboss\jandex\1.1.0.Final\jandex-1.1.0.Final.jar;C:\Users\admin\.m2\repository\mysql\mysql-connector-java\8.0.18\mysql-connector-java-8.0.18.jar;C:\Users\admin\.m2\repository\com\google\protobuf\protobuf-java\3.6.1\protobuf-java-3.6.1.jar
Launcher Type: SUN_STANDARD

[Global flags]
     intx CICompilerCount                          = 3                                         {product} {ergonomic}
     uint ConcGCThreads                            = 1                                         {product} {ergonomic}
     uint G1ConcRefinementThreads                  = 4                                         {product} {ergonomic}
   size_t G1HeapRegionSize                         = 1048576                                   {product} {ergonomic}
    uintx GCDrainStackTargetSize                   = 64                                        {product} {ergonomic}
   size_t InitialHeapSize                          = 132120576                                 {product} {ergonomic}
   size_t MarkStackSize                            = 4194304                                   {product} {ergonomic}
   size_t MaxHeapSize                              = 2109734912                                {product} {ergonomic}
   size_t MaxNewSize                               = 1265631232                                {product} {ergonomic}
   size_t MinHeapDeltaBytes                        = 1048576                                   {product} {ergonomic}
   size_t MinHeapSize                              = 8388608                                   {product} {ergonomic}
    uintx NonNMethodCodeHeapSize                   = 5832780                                {pd product} {ergonomic}
    uintx NonProfiledCodeHeapSize                  = 122912730                              {pd product} {ergonomic}
    uintx ProfiledCodeHeapSize                     = 122912730                              {pd product} {ergonomic}
    uintx ReservedCodeCacheSize                    = 251658240                              {pd product} {ergonomic}
     bool SegmentedCodeCache                       = true                                      {product} {ergonomic}
   size_t SoftMaxHeapSize                          = 2109734912                             {manageable} {ergonomic}
     bool UseCompressedClassPointers               = true                                 {lp64_product} {ergonomic}
     bool UseCompressedOops                        = true                                 {lp64_product} {ergonomic}
     bool UseG1GC                                  = true                                      {product} {ergonomic}
     bool UseLargePagesIndividualAllocation        = false                                  {pd product} {ergonomic}

Logging:
Log output configuration:
 #0: stdout all=warning uptime,level,tags
 #1: stderr all=off uptime,level,tags

Environment Variables:
JAVA_HOME=C:\Program Files\Java\jdk-15.0.2
PATH=C:\Program Files\Common Files\Oracle\Java\javapath;C:\Windows\system32;C:\Windows;C:\Windows\System32\Wbem;C:\Windows\System32\WindowsPowerShell\v1.0\;C:\Program Files (x86)\ATI Technologies\ATI.ACE\Core-Static;C:\Program Files\nodejs\;C:\Program Files\Git\cmd;C:\Program Files\dotnet\;C:\Program Files\Microsoft SQL Server\130\Tools\Binn\;C:\Program Files\Docker\Docker\resources\bin;C:\ProgramData\DockerDesktop\version-bin;C:\Program Files (x86)\AMD\ATI.ACE\Core-Static;C:\Program Files\apache-maven-3.8.1\bin;C:\Users\admin\AppData\Local\Microsoft\WindowsApps;C:\Users\admin\AppData\Roaming\npm
USERNAME=admin
OS=Windows_NT
PROCESSOR_IDENTIFIER=Intel64 Family 6 Model 37 Stepping 2, GenuineIntel



---------------  S Y S T E M  ---------------

OS:
 Windows 10 , 64 bit Build 18362 (10.0.18362.329)
OS uptime: 0 days 4:15 hours
HyperV virtualization detected

CPU: total 4 (initial active 4) (2 cores per cpu, 2 threads per core) family 6 model 37 stepping 2 microcode 0x11, cmov, cx8, fxsr, mmx, sse, sse2, sse3, ssse3, sse4.1, sse4.2, popcnt, ht, tsc, tscinvbit, clflush

Memory: 4k page, system-wide physical 8046M (841M free)
TotalPageFile size 8046M (AvailPageFile size 3M)
current process WorkingSet (physical memory assigned to process): 52M, peak: 52M
current process commit charge ("private bytes"): 212M, peak: 213M

vm_info: Java HotSpot(TM) 64-Bit Server VM (15.0.2+7-27) for windows-amd64 JRE (15.0.2+7-27), built on Dec  7 2020 20:07:01 by "mach5one" with unknown MS VC++:1925

END.
